#
# A fatal error has been detected by the Java Runtime Environment:
#
#  EXCEPTION_ACCESS_VIOLATION (0xc0000005) at pc=0x00007ff897d10679, pid=31392, tid=21660
#
# JRE version: Java(TM) SE Runtime Environment (8.0_91-b15) (build 1.8.0_91-b15)
# Java VM: Java HotSpot(TM) 64-Bit Server VM (25.91-b15 mixed mode windows-amd64 compressed oops)
# Problematic frame:
# C  [WS2_32.dll+0x10679]
#
# Failed to write core dump. Minidumps are not enabled by default on client versions of Windows
#
# If you would like to submit a bug report, please visit:
#   http://bugreport.java.com/bugreport/crash.jsp
# The crash happened outside the Java Virtual Machine in native code.
# See problematic frame for where to report the bug.
#

---------------  T H R E A D  ---------------

Current thread (0x000000001c510000):  JavaThread "RMI TCP Accept-0" daemon [_thread_in_native, id=21660, stack(0x000000001c9a0000,0x000000001caa0000)]

siginfo: ExceptionCode=0xc0000005, reading address 0xffffffffffffffff

Registers:
RAX=0x00000000011272c8, RBX=0xda5c2fd8da5c2fd8, RCX=0x0000000000000fb0, RDX=0x0000000000000033
RSP=0x000000001ca9e770, RBP=0x00000000010ac260, RSI=0x00000000010af9e8, RDI=0x0000000001127130
R8 =0x000000000000003d, R9 =0x0000000000000001, R10=0x0000000001127130, R11=0x000000001ca9e780
R12=0x0000000000000000, R13=0xffffffffffffffff, R14=0x00000000010cf8c0, R15=0x00000000000003f2
RIP=0x00007ff897d10679, EFLAGS=0x0000000000010286

Top of Stack: (sp=0x000000001ca9e770)
0x000000001ca9e770:   0000000000000000 0000000000000000
0x000000001ca9e780:   00000000000003f2 0000000000000000
0x000000001ca9e790:   00000000000003f2 0000000000000000
0x000000001ca9e7a0:   0000000000000fb0 00007ff897d10433
0x000000001ca9e7b0:   00000000010cf8c0 00000000010ac260
0x000000001ca9e7c0:   ffffffffffffffff ffffffffffffffff
0x000000001ca9e7d0:   00000000000006ec 00000000000006ec
0x000000001ca9e7e0:   00000000010e96c0 ffffffffffffffff
0x000000001ca9e7f0:   00000000010ecc70 00000000010bfa40
0x000000001ca9e800:   000000001ca9ebb0 00007ff89456fd9b
0x000000001ca9e810:   0000000000000000 0000000000000fb0
0x000000001ca9e820:   000000001ca9e870 0000000001091328
0x000000001ca9e830:   000000001ca9e8d0 0000000000012010
0x000000001ca9e840:   000000001ca9e890 0000000000000010
0x000000001ca9e850:   0000000000000000 0000000000000000
0x000000001ca9e860:   0000000019679ff0 000000001c510000 

Instructions: (pc=0x00007ff897d10679)
0x00007ff897d10659:   86 0c 3b d0 75 f1 42 8b 44 86 0c 3b d0 0f 84 bc
0x00007ff897d10669:   01 00 00 48 8b ce e8 bc b2 02 00 e9 af 01 00 00
0x00007ff897d10679:   48 39 4b 08 75 55 4c 89 70 08 8b 46 08 83 e0 01
0x00007ff897d10689:   44 8b c0 48 83 f0 01 41 8b d0 83 f2 01 44 89 44 


Register to memory mapping:

RAX=0x00000000011272c8 is an unknown value
RBX=0xda5c2fd8da5c2fd8 is an unknown value
RCX=0x0000000000000fb0 is an unknown value
RDX=0x0000000000000033 is an unknown value
RSP=0x000000001ca9e770 is pointing into the stack for thread: 0x000000001c510000
RBP=0x00000000010ac260 is an unknown value
RSI=0x00000000010af9e8 is an unknown value
RDI=0x0000000001127130 is an unknown value
R8 =0x000000000000003d is an unknown value
R9 =0x0000000000000001 is an unknown value
R10=0x0000000001127130 is an unknown value
R11=0x000000001ca9e780 is pointing into the stack for thread: 0x000000001c510000
R12=0x0000000000000000 is an unknown value
R13=0xffffffffffffffff is an unknown value
R14=0x00000000010cf8c0 is an unknown value
R15=0x00000000000003f2 is an unknown value


Stack: [0x000000001c9a0000,0x000000001caa0000],  sp=0x000000001ca9e770,  free space=1017k
Native frames: (J=compiled Java code, j=interpreted, Vv=VM code, C=native code)
C  [WS2_32.dll+0x10679]
C  [WS2_32.dll+0x10433]
C  [mswsock.dll+0xfd9b]
C  [WS2_32.dll+0x157f3]
C  [WS2_32.dll+0x15712]
C  [net.dll+0x29af]
C  0x0000000002f87f54

Java frames: (J=compiled Java code, j=interpreted, Vv=VM code)
j  java.net.DualStackPlainSocketImpl.accept0(I[Ljava/net/InetSocketAddress;)I+0
j  java.net.DualStackPlainSocketImpl.socketAccept(Ljava/net/SocketImpl;)V+37
j  java.net.AbstractPlainSocketImpl.accept(Ljava/net/SocketImpl;)V+7
j  java.net.PlainSocketImpl.accept(Ljava/net/SocketImpl;)V+42
j  java.net.ServerSocket.implAccept(Ljava/net/Socket;)V+60
j  java.net.ServerSocket.accept()Ljava/net/Socket;+48
j  sun.rmi.transport.tcp.TCPTransport$AcceptLoop.executeAcceptLoop()V+55
j  sun.rmi.transport.tcp.TCPTransport$AcceptLoop.run()V+1
j  java.lang.Thread.run()V+11
v  ~StubRoutines::call_stub

---------------  P R O C E S S  ---------------

Java Threads: ( => current thread )
  0x00000000203dd000 JavaThread "JMX server connection timeout 75" daemon [_thread_blocked, id=18064, stack(0x0000000001180000,0x0000000001280000)]
  0x00000000203e5000 JavaThread "JMX server connection timeout 72" daemon [_thread_blocked, id=12620, stack(0x000000001cda0000,0x000000001cea0000)]
  0x00000000203e3800 JavaThread "RMI TCP Connection(122)-127.0.0.1" daemon [_thread_in_native, id=18572, stack(0x0000000001480000,0x0000000001580000)]
  0x00000000203e2800 JavaThread "DestroyJavaVM" [_thread_blocked, id=37260, stack(0x0000000002cf0000,0x0000000002df0000)]
  0x00000000203df800 JavaThread "http-nio-8761-Acceptor" daemon [_thread_in_native, id=32924, stack(0x00000000232b0000,0x00000000233b0000)]
  0x00000000203e4000 JavaThread "http-nio-8761-ClientPoller" daemon [_thread_in_native, id=17356, stack(0x00000000231b0000,0x00000000232b0000)]
  0x00000000203db800 JavaThread "http-nio-8761-exec-10" daemon [_thread_blocked, id=37816, stack(0x00000000230b0000,0x00000000231b0000)]
  0x00000000203e2000 JavaThread "http-nio-8761-exec-9" daemon [_thread_blocked, id=10244, stack(0x0000000022fb0000,0x00000000230b0000)]
  0x00000000203dc800 JavaThread "http-nio-8761-exec-8" daemon [_thread_blocked, id=34944, stack(0x0000000022eb0000,0x0000000022fb0000)]
  0x00000000203db000 JavaThread "http-nio-8761-exec-7" daemon [_thread_blocked, id=26236, stack(0x0000000022db0000,0x0000000022eb0000)]
  0x00000000203e1000 JavaThread "http-nio-8761-exec-6" daemon [_thread_blocked, id=252, stack(0x0000000022cb0000,0x0000000022db0000)]
  0x00000000203df000 JavaThread "http-nio-8761-exec-5" daemon [_thread_blocked, id=33356, stack(0x0000000022bb0000,0x0000000022cb0000)]
  0x00000000203ac000 JavaThread "http-nio-8761-exec-4" daemon [_thread_blocked, id=25544, stack(0x0000000022ab0000,0x0000000022bb0000)]
  0x00000000203ab800 JavaThread "http-nio-8761-exec-3" daemon [_thread_blocked, id=360, stack(0x00000000229b0000,0x0000000022ab0000)]
  0x00000000203a8800 JavaThread "http-nio-8761-exec-2" daemon [_thread_blocked, id=33008, stack(0x00000000228b0000,0x00000000229b0000)]
  0x00000000203a7800 JavaThread "http-nio-8761-exec-1" daemon [_thread_blocked, id=9104, stack(0x00000000227b0000,0x00000000228b0000)]
  0x00000000203a7000 JavaThread "http-nio-8761-BlockPoller" daemon [_thread_in_native, id=37776, stack(0x00000000226b0000,0x00000000227b0000)]
  0x00000000203a5800 JavaThread "Eureka-CacheFillTimer" daemon [_thread_blocked, id=9368, stack(0x00000000225b0000,0x00000000226b0000)]
  0x00000000203aa000 JavaThread "Eureka-PeerNodesUpdater" daemon [_thread_blocked, id=8312, stack(0x00000000224b0000,0x00000000225b0000)]
  0x00000000203a9000 JavaThread "Eureka-MeasureRateTimer" daemon [_thread_blocked, id=21548, stack(0x00000000223b0000,0x00000000224b0000)]
  0x00000000203aa800 JavaThread "ReplicaAwareInstanceRegistry - RenewalThresholdUpdater" daemon [_thread_blocked, id=27388, stack(0x00000000222b0000,0x00000000223b0000)]
  0x00000000203a6000 JavaThread "Eureka-MeasureRateTimer" daemon [_thread_blocked, id=13080, stack(0x00000000221b0000,0x00000000222b0000)]
  0x000000001da21000 JavaThread "Eureka-EvictionTimer" daemon [_thread_blocked, id=26340, stack(0x00000000220b0000,0x00000000221b0000)]
  0x000000001da20800 JavaThread "Eureka-DeltaRetentionTimer" daemon [_thread_blocked, id=20128, stack(0x0000000021fb0000,0x00000000220b0000)]
  0x000000001da22000 JavaThread "File Watcher" daemon [_thread_blocked, id=32900, stack(0x0000000021cb0000,0x0000000021db0000)]
  0x000000001da27000 JavaThread "container-0" [_thread_blocked, id=13116, stack(0x00000000219b0000,0x0000000021ab0000)]
  0x000000001da22800 JavaThread "Catalina-utility-2" [_thread_blocked, id=22316, stack(0x00000000216b0000,0x00000000217b0000)]
  0x000000001da26800 JavaThread "Catalina-utility-1" [_thread_blocked, id=25284, stack(0x00000000215b0000,0x00000000216b0000)]
  0x000000001da25800 JavaThread "spring.cloud.inetutils" daemon [_thread_blocked, id=36836, stack(0x000000001f3e0000,0x000000001f4e0000)]
  0x000000001da24000 JavaThread "RMI TCP Connection(idle)" daemon [_thread_blocked, id=28752, stack(0x000000001d710000,0x000000001d810000)]
  0x000000001c733000 JavaThread "RMI Scheduler(0)" daemon [_thread_blocked, id=35100, stack(0x000000001d010000,0x000000001d110000)]
  0x000000001c5a6800 JavaThread "RMI TCP Accept-0" daemon [_thread_in_native, id=22300, stack(0x000000001cba0000,0x000000001cca0000)]
  0x000000001c591000 JavaThread "RMI TCP Accept-62137" daemon [_thread_in_native, id=32320, stack(0x000000001caa0000,0x000000001cba0000)]
=>0x000000001c510000 JavaThread "RMI TCP Accept-0" daemon [_thread_in_native, id=21660, stack(0x000000001c9a0000,0x000000001caa0000)]
  0x000000001b986000 JavaThread "Service Thread" daemon [_thread_blocked, id=28624, stack(0x000000001bd60000,0x000000001be60000)]
  0x000000001a025800 JavaThread "C1 CompilerThread2" daemon [_thread_blocked, id=13336, stack(0x000000001b860000,0x000000001b960000)]
  0x0000000019ffd800 JavaThread "C2 CompilerThread1" daemon [_thread_blocked, id=21044, stack(0x000000001b760000,0x000000001b860000)]
  0x0000000019ff7800 JavaThread "C2 CompilerThread0" daemon [_thread_blocked, id=34420, stack(0x000000001b660000,0x000000001b760000)]
  0x0000000019ff6000 JavaThread "Attach Listener" daemon [_thread_blocked, id=18252, stack(0x000000001b560000,0x000000001b660000)]
  0x0000000019ff5000 JavaThread "Signal Dispatcher" daemon [_thread_blocked, id=27228, stack(0x000000001b460000,0x000000001b560000)]
  0x0000000002f6e000 JavaThread "Finalizer" daemon [_thread_blocked, id=25692, stack(0x000000001b240000,0x000000001b340000)]
  0x0000000002f68800 JavaThread "Reference Handler" daemon [_thread_blocked, id=15956, stack(0x000000001b140000,0x000000001b240000)]

Other Threads:
  0x0000000019fb6800 VMThread [stack: 0x000000001b040000,0x000000001b140000] [id=23968]
  0x000000001c5a7800 WatcherThread [stack: 0x000000001cca0000,0x000000001cda0000] [id=31752]

VM state:not at safepoint (normal execution)

VM Mutex/Monitor currently owned by a thread: None

Heap:
 PSYoungGen      total 614400K, used 141012K [0x0000000780980000, 0x00000007b7b80000, 0x00000007c0000000)
  eden space 594944K, 23% used [0x0000000780980000,0x00000007892f53a8,0x00000007a4e80000)
  from space 19456K, 1% used [0x00000007a4e80000,0x00000007a4ec0000,0x00000007a6180000)
  to   space 19968K, 0% used [0x00000007b6800000,0x00000007b6800000,0x00000007b7b80000)
 ParOldGen       total 89600K, used 27442K [0x0000000701c00000, 0x0000000707380000, 0x0000000780980000)
  object space 89600K, 30% used [0x0000000701c00000,0x00000007036cc9b8,0x0000000707380000)
 Metaspace       used 47290K, capacity 50256K, committed 50432K, reserved 1093632K
  class space    used 6611K, capacity 7118K, committed 7168K, reserved 1048576K

Card table byte_map: [0x0000000012330000,0x0000000012930000] byte_map_base: 0x000000000eb22000

Marking Bits: (ParMarkBitMap*) 0x000000005ed72f70
 Begin Bits: [0x0000000013130000, 0x00000000160c0000)
 End Bits:   [0x00000000160c0000, 0x0000000019050000)

Polling page: 0x0000000000ff0000

CodeCache: size=245760Kb used=13210Kb max_used=13210Kb free=232549Kb
 bounds [0x0000000002f70000, 0x0000000003c60000, 0x0000000011f70000]
 total_blobs=7623 nmethods=7114 adapters=420
 compilation: enabled

Compilation events (10 events):
Event: 28047.622 Thread 0x000000001a025800 7268       1       java.util.concurrent.SynchronousQueue$TransferStack::transfer (380 bytes)
Event: 28047.624 Thread 0x000000001a025800 nmethod 7268 0x0000000003c56bd0 code [0x0000000003c56d80, 0x0000000003c578d8]
Event: 28062.624 Thread 0x000000001a025800 7270  s!   1       java.net.Socket::close (47 bytes)
Event: 28062.624 Thread 0x000000001a025800 nmethod 7270 0x0000000003c57cd0 code [0x0000000003c57e60, 0x0000000003c58378]
Event: 28067.545 Thread 0x000000001a025800 7271   !   1       com.netflix.discovery.converters.EurekaJacksonCodec$InstanceInfoSerializer::autoMarshalEligible (106 bytes)
Event: 28067.547 Thread 0x000000001a025800 nmethod 7271 0x0000000003c584d0 code [0x0000000003c58720, 0x0000000003c58ce8]
Event: 28107.625 Thread 0x000000001a025800 7272       1       java.net.InetSocketAddress::<init> (33 bytes)
Event: 28107.626 Thread 0x000000001a025800 nmethod 7272 0x0000000003c59510 code [0x0000000003c59680, 0x0000000003c598d8]
Event: 28107.626 Thread 0x000000001a025800 7273       1       java.net.SocketAddress::<init> (5 bytes)
Event: 28107.626 Thread 0x000000001a025800 nmethod 7273 0x0000000003c599d0 code [0x0000000003c59b20, 0x0000000003c59c30]

GC Heap History (10 events):
Event: 186.701 GC heap before
{Heap before GC invocations=11 (full 2):
 PSYoungGen      total 279040K, used 263168K [0x0000000780980000, 0x0000000796080000, 0x00000007c0000000)
  eden space 263168K, 100% used [0x0000000780980000,0x0000000790a80000,0x0000000790a80000)
  from space 15872K, 0% used [0x0000000791a00000,0x0000000791a00000,0x0000000792980000)
  to   space 15872K, 0% used [0x0000000790a80000,0x0000000790a80000,0x0000000791a00000)
 ParOldGen       total 89600K, used 17983K [0x0000000701c00000, 0x0000000707380000, 0x0000000780980000)
  object space 89600K, 20% used [0x0000000701c00000,0x0000000702d8fc48,0x0000000707380000)
 Metaspace       used 46820K, capacity 49758K, committed 49920K, reserved 1091584K
  class space    used 6596K, capacity 7101K, committed 7168K, reserved 1048576K
Event: 186.728 GC heap after
Heap after GC invocations=11 (full 2):
 PSYoungGen      total 279040K, used 15857K [0x0000000780980000, 0x000000079ba80000, 0x00000007c0000000)
  eden space 263168K, 0% used [0x0000000780980000,0x0000000780980000,0x0000000790a80000)
  from space 15872K, 99% used [0x0000000790a80000,0x00000007919fc4b8,0x0000000791a00000)
  to   space 18432K, 0% used [0x000000079a880000,0x000000079a880000,0x000000079ba80000)
 ParOldGen       total 89600K, used 20042K [0x0000000701c00000, 0x0000000707380000, 0x0000000780980000)
  object space 89600K, 22% used [0x0000000701c00000,0x0000000702f929f8,0x0000000707380000)
 Metaspace       used 46820K, capacity 49758K, committed 49920K, reserved 1091584K
  class space    used 6596K, capacity 7101K, committed 7168K, reserved 1048576K
}
Event: 1053.768 GC heap before
{Heap before GC invocations=12 (full 2):
 PSYoungGen      total 279040K, used 279025K [0x0000000780980000, 0x000000079ba80000, 0x00000007c0000000)
  eden space 263168K, 100% used [0x0000000780980000,0x0000000790a80000,0x0000000790a80000)
  from space 15872K, 99% used [0x0000000790a80000,0x00000007919fc4b8,0x0000000791a00000)
  to   space 18432K, 0% used [0x000000079a880000,0x000000079a880000,0x000000079ba80000)
 ParOldGen       total 89600K, used 20042K [0x0000000701c00000, 0x0000000707380000, 0x0000000780980000)
  object space 89600K, 22% used [0x0000000701c00000,0x0000000702f929f8,0x0000000707380000)
 Metaspace       used 46891K, capacity 49830K, committed 49920K, reserved 1091584K
  class space    used 6603K, capacity 7113K, committed 7168K, reserved 1048576K
Event: 1053.784 GC heap after
Heap after GC invocations=12 (full 2):
 PSYoungGen      total 414720K, used 7448K [0x0000000780980000, 0x000000079b500000, 0x00000007c0000000)
  eden space 401920K, 0% used [0x0000000780980000,0x0000000780980000,0x0000000799200000)
  from space 12800K, 58% used [0x000000079a880000,0x000000079afc62c8,0x000000079b500000)
  to   space 17920K, 0% used [0x0000000799200000,0x0000000799200000,0x000000079a380000)
 ParOldGen       total 89600K, used 20050K [0x0000000701c00000, 0x0000000707380000, 0x0000000780980000)
  object space 89600K, 22% used [0x0000000701c00000,0x0000000702f949f8,0x0000000707380000)
 Metaspace       used 46891K, capacity 49830K, committed 49920K, reserved 1091584K
  class space    used 6603K, capacity 7113K, committed 7168K, reserved 1048576K
}
Event: 2408.834 GC heap before
{Heap before GC invocations=13 (full 2):
 PSYoungGen      total 414720K, used 409368K [0x0000000780980000, 0x000000079b500000, 0x00000007c0000000)
  eden space 401920K, 100% used [0x0000000780980000,0x0000000799200000,0x0000000799200000)
  from space 12800K, 58% used [0x000000079a880000,0x000000079afc62c8,0x000000079b500000)
  to   space 17920K, 0% used [0x0000000799200000,0x0000000799200000,0x000000079a380000)
 ParOldGen       total 89600K, used 20050K [0x0000000701c00000, 0x0000000707380000, 0x0000000780980000)
  object space 89600K, 22% used [0x0000000701c00000,0x0000000702f949f8,0x0000000707380000)
 Metaspace       used 47205K, capacity 50162K, committed 50432K, reserved 1093632K
  class space    used 6605K, capacity 7113K, committed 7168K, reserved 1048576K
Event: 2408.849 GC heap after
Heap after GC invocations=13 (full 2):
 PSYoungGen      total 419840K, used 192K [0x0000000780980000, 0x00000007a7d80000, 0x00000007c0000000)
  eden space 401920K, 0% used [0x0000000780980000,0x0000000780980000,0x0000000799200000)
  from space 17920K, 1% used [0x0000000799200000,0x0000000799230000,0x000000079a380000)
  to   space 18944K, 0% used [0x00000007a6b00000,0x00000007a6b00000,0x00000007a7d80000)
 ParOldGen       total 89600K, used 27354K [0x0000000701c00000, 0x0000000707380000, 0x0000000780980000)
  object space 89600K, 30% used [0x0000000701c00000,0x00000007036b6998,0x0000000707380000)
 Metaspace       used 47205K, capacity 50162K, committed 50432K, reserved 1093632K
  class space    used 6605K, capacity 7113K, committed 7168K, reserved 1048576K
}
Event: 14549.896 GC heap before
{Heap before GC invocations=14 (full 2):
 PSYoungGen      total 419840K, used 402112K [0x0000000780980000, 0x00000007a7d80000, 0x00000007c0000000)
  eden space 401920K, 100% used [0x0000000780980000,0x0000000799200000,0x0000000799200000)
  from space 17920K, 1% used [0x0000000799200000,0x0000000799230000,0x000000079a380000)
  to   space 18944K, 0% used [0x00000007a6b00000,0x00000007a6b00000,0x00000007a7d80000)
 ParOldGen       total 89600K, used 27354K [0x0000000701c00000, 0x0000000707380000, 0x0000000780980000)
  object space 89600K, 30% used [0x0000000701c00000,0x00000007036b6998,0x0000000707380000)
 Metaspace       used 47252K, capacity 50192K, committed 50432K, reserved 1093632K
  class space    used 6611K, capacity 7118K, committed 7168K, reserved 1048576K
Event: 14549.900 GC heap after
Heap after GC invocations=14 (full 2):
 PSYoungGen      total 604672K, used 480K [0x0000000780980000, 0x00000007a7480000, 0x00000007c0000000)
  eden space 594944K, 0% used [0x0000000780980000,0x0000000780980000,0x00000007a4e80000)
  from space 9728K, 4% used [0x00000007a6b00000,0x00000007a6b78000,0x00000007a7480000)
  to   space 19456K, 0% used [0x00000007a4e80000,0x00000007a4e80000,0x00000007a6180000)
 ParOldGen       total 89600K, used 27378K [0x0000000701c00000, 0x0000000707380000, 0x0000000780980000)
  object space 89600K, 30% used [0x0000000701c00000,0x00000007036bc998,0x0000000707380000)
 Metaspace       used 47252K, capacity 50192K, committed 50432K, reserved 1093632K
  class space    used 6611K, capacity 7118K, committed 7168K, reserved 1048576K
}
Event: 27709.903 GC heap before
{Heap before GC invocations=15 (full 2):
 PSYoungGen      total 604672K, used 595424K [0x0000000780980000, 0x00000007a7480000, 0x00000007c0000000)
  eden space 594944K, 100% used [0x0000000780980000,0x00000007a4e80000,0x00000007a4e80000)
  from space 9728K, 4% used [0x00000007a6b00000,0x00000007a6b78000,0x00000007a7480000)
  to   space 19456K, 0% used [0x00000007a4e80000,0x00000007a4e80000,0x00000007a6180000)
 ParOldGen       total 89600K, used 27378K [0x0000000701c00000, 0x0000000707380000, 0x0000000780980000)
  object space 89600K, 30% used [0x0000000701c00000,0x00000007036bc998,0x0000000707380000)
 Metaspace       used 47290K, capacity 50256K, committed 50432K, reserved 1093632K
  class space    used 6611K, capacity 7118K, committed 7168K, reserved 1048576K
Event: 27709.907 GC heap after
Heap after GC invocations=15 (full 2):
 PSYoungGen      total 614400K, used 256K [0x0000000780980000, 0x00000007b7b80000, 0x00000007c0000000)
  eden space 594944K, 0% used [0x0000000780980000,0x0000000780980000,0x00000007a4e80000)
  from space 19456K, 1% used [0x00000007a4e80000,0x00000007a4ec0000,0x00000007a6180000)
  to   space 19968K, 0% used [0x00000007b6800000,0x00000007b6800000,0x00000007b7b80000)
 ParOldGen       total 89600K, used 27442K [0x0000000701c00000, 0x0000000707380000, 0x0000000780980000)
  object space 89600K, 30% used [0x0000000701c00000,0x00000007036cc9b8,0x0000000707380000)
 Metaspace       used 47290K, capacity 50256K, committed 50432K, reserved 1093632K
  class space    used 6611K, capacity 7118K, committed 7168K, reserved 1048576K
}

Deoptimization events (0 events):
No events

Internal exceptions (10 events):
Event: 40.033 Thread 0x000000001c858000 Exception <a 'java/lang/ArrayIndexOutOfBoundsException'> (0x000000078b5c3458) thrown at [C:\re\workspace\8-2-build-windows-amd64-cygwin\jdk8u91\7017\hotspot\src\share\vm\runtime\sharedRuntime.cpp, line 605]
Event: 40.033 Thread 0x000000001c858000 Exception <a 'java/lang/ArrayIndexOutOfBoundsException'> (0x000000078b5c5dc0) thrown at [C:\re\workspace\8-2-build-windows-amd64-cygwin\jdk8u91\7017\hotspot\src\share\vm\runtime\sharedRuntime.cpp, line 605]
Event: 40.033 Thread 0x000000001c858000 Exception <a 'java/lang/ArrayIndexOutOfBoundsException'> (0x000000078b5c80d8) thrown at [C:\re\workspace\8-2-build-windows-amd64-cygwin\jdk8u91\7017\hotspot\src\share\vm\runtime\sharedRuntime.cpp, line 605]
Event: 40.033 Thread 0x000000001c858000 Exception <a 'java/lang/ArrayIndexOutOfBoundsException'> (0x000000078b5ca468) thrown at [C:\re\workspace\8-2-build-windows-amd64-cygwin\jdk8u91\7017\hotspot\src\share\vm\runtime\sharedRuntime.cpp, line 605]
Event: 40.033 Thread 0x000000001c858000 Exception <a 'java/lang/ArrayIndexOutOfBoundsException'> (0x000000078b5cc378) thrown at [C:\re\workspace\8-2-build-windows-amd64-cygwin\jdk8u91\7017\hotspot\src\share\vm\runtime\sharedRuntime.cpp, line 605]
Event: 40.039 Thread 0x000000001c858000 Exception <a 'java/lang/ArrayIndexOutOfBoundsException'> (0x000000078b5f2768) thrown at [C:\re\workspace\8-2-build-windows-amd64-cygwin\jdk8u91\7017\hotspot\src\share\vm\runtime\sharedRuntime.cpp, line 605]
Event: 111.972 Thread 0x00000000203a7800 Exception <a 'java/lang/NoSuchMethodError': java.lang.Object.lambda$builder$1(Ljava/lang/String;)Lio/micrometer/core/instrument/Timer$Builder;> (0x000000078eceb538) thrown at [C:\re\workspace\8-2-build-windows-amd64-cygwin\jdk8u91\7017\hotspot\src\share\vm+½6«	\@
Event: 112.151 Thread 0x00000000203a8800 Exception <a 'java/lang/ArrayIndexOutOfBoundsException'> (0x000000078eec2368) thrown at [C:\re\workspace\8-2-build-windows-amd64-cygwin\jdk8u91\7017\hotspot\src\share\vm\runtime\sharedRuntime.cpp, line 605]
Event: 112.775 Thread 0x00000000203a5800 Exception <a 'java/lang/ArrayIndexOutOfBoundsException'> (0x000000078d3edf80) thrown at [C:\re\workspace\8-2-build-windows-amd64-cygwin\jdk8u91\7017\hotspot\src\share\vm\runtime\sharedRuntime.cpp, line 605]
Event: 13789.971 Thread 0x00000000203e3800 Exception <a 'java/lang/NoSuchMethodError': <clinit>> (0x000000078bd3acc0) thrown at [C:\re\workspace\8-2-build-windows-amd64-cygwin\jdk8u91\7017\hotspot\src\share\vm\prims\jni.cpp, line 1613]

Events (10 events):
Event: 27709.954 Executing VM operation: RevokeBias
Event: 27709.954 Executing VM operation: RevokeBias done
Event: 27709.954 Executing VM operation: RevokeBias
Event: 27709.954 Executing VM operation: RevokeBias done
Event: 27709.954 Executing VM operation: RevokeBias
Event: 27709.954 Executing VM operation: RevokeBias done
Event: 27709.954 Executing VM operation: RevokeBias
Event: 27709.955 Executing VM operation: RevokeBias done
Event: 27709.955 Executing VM operation: BulkRevokeBias
Event: 27709.955 Executing VM operation: BulkRevokeBias done


Dynamic libraries:
0x00007ff76f690000 - 0x00007ff76f6c7000 	C:\Program Files\Java\jdk1.8.0_91\bin\javaw.exe
0x00007ff898260000 - 0x00007ff898450000 	C:\WINDOWS\SYSTEM32\ntdll.dll
0x00007ff898010000 - 0x00007ff8980c2000 	C:\WINDOWS\System32\KERNEL32.DLL
0x00007ff895b70000 - 0x00007ff895e14000 	C:\WINDOWS\System32\KERNELBASE.dll
0x00007ff896370000 - 0x00007ff896413000 	C:\WINDOWS\System32\ADVAPI32.dll
0x00007ff8965e0000 - 0x00007ff89667e000 	C:\WINDOWS\System32\msvcrt.dll
0x00007ff896ea0000 - 0x00007ff896f37000 	C:\WINDOWS\System32\sechost.dll
0x00007ff898100000 - 0x00007ff898220000 	C:\WINDOWS\System32\RPCRT4.dll
0x00007ff897da0000 - 0x00007ff897f34000 	C:\WINDOWS\System32\USER32.dll
0x00007ff895290000 - 0x00007ff8952b1000 	C:\WINDOWS\System32\win32u.dll
0x00007ff8980d0000 - 0x00007ff8980f6000 	C:\WINDOWS\System32\GDI32.dll
0x00007ff895ff0000 - 0x00007ff896184000 	C:\WINDOWS\System32\gdi32full.dll
0x00007ff8951f0000 - 0x00007ff89528e000 	C:\WINDOWS\System32\msvcp_win.dll
0x00007ff8961b0000 - 0x00007ff8962aa000 	C:\WINDOWS\System32\ucrtbase.dll
0x00007ff8940f0000 - 0x00007ff894374000 	C:\WINDOWS\WinSxS\amd64_microsoft.windows.common-controls_6595b64144ccf1df_6.0.18362.836_none_e6c4b943130f18ed\COMCTL32.dll
0x00007ff897930000 - 0x00007ff897c66000 	C:\WINDOWS\System32\combase.dll
0x00007ff895370000 - 0x00007ff8953f0000 	C:\WINDOWS\System32\bcryptPrimitives.dll
0x00007ff896fb0000 - 0x00007ff896fde000 	C:\WINDOWS\System32\IMM32.DLL
0x0000000060bf0000 - 0x0000000060cc2000 	C:\Program Files\Java\jdk1.8.0_91\jre\bin\msvcr100.dll
0x000000005e560000 - 0x000000005edf3000 	C:\Program Files\Java\jdk1.8.0_91\jre\bin\server\jvm.dll
0x00007ff897c70000 - 0x00007ff897c78000 	C:\WINDOWS\System32\PSAPI.DLL
0x00007ff880ce0000 - 0x00007ff880ce9000 	C:\WINDOWS\SYSTEM32\WSOCK32.dll
0x00007ff897d00000 - 0x00007ff897d6f000 	C:\WINDOWS\System32\WS2_32.dll
0x00007ff890fd0000 - 0x00007ff890ff4000 	C:\WINDOWS\SYSTEM32\WINMM.dll
0x00007ff893b90000 - 0x00007ff893b9a000 	C:\WINDOWS\SYSTEM32\VERSION.dll
0x00007ff890fa0000 - 0x00007ff890fcd000 	C:\WINDOWS\SYSTEM32\WINMMBASE.dll
0x00007ff895fa0000 - 0x00007ff895fea000 	C:\WINDOWS\System32\cfgmgr32.dll
0x0000000060be0000 - 0x0000000060bef000 	C:\Program Files\Java\jdk1.8.0_91\jre\bin\verify.dll
0x0000000060bb0000 - 0x0000000060bd9000 	C:\Program Files\Java\jdk1.8.0_91\jre\bin\java.dll
0x0000000060b90000 - 0x0000000060ba6000 	C:\Program Files\Java\jdk1.8.0_91\jre\bin\zip.dll
0x00007ff897090000 - 0x00007ff897774000 	C:\WINDOWS\System32\SHELL32.dll
0x00007ff896ca0000 - 0x00007ff896d49000 	C:\WINDOWS\System32\shcore.dll
0x00007ff8953f0000 - 0x00007ff895b6e000 	C:\WINDOWS\System32\windows.storage.dll
0x00007ff895130000 - 0x00007ff895153000 	C:\WINDOWS\System32\profapi.dll
0x00007ff895160000 - 0x00007ff8951aa000 	C:\WINDOWS\System32\powrprof.dll
0x00007ff895120000 - 0x00007ff895130000 	C:\WINDOWS\System32\UMPDC.dll
0x00007ff896680000 - 0x00007ff8966d2000 	C:\WINDOWS\System32\shlwapi.dll
0x00007ff8951b0000 - 0x00007ff8951c1000 	C:\WINDOWS\System32\kernel.appcore.dll
0x00007ff896190000 - 0x00007ff8961a7000 	C:\WINDOWS\System32\cryptsp.dll
0x0000000060b80000 - 0x0000000060b8d000 	C:\Program Files\Java\jdk1.8.0_91\jre\bin\management.dll
0x0000000060b60000 - 0x0000000060b7a000 	C:\Program Files\Java\jdk1.8.0_91\jre\bin\net.dll
0x00007ff894560000 - 0x00007ff8945c7000 	C:\WINDOWS\system32\mswsock.dll
0x0000000060b40000 - 0x0000000060b51000 	C:\Program Files\Java\jdk1.8.0_91\jre\bin\nio.dll
0x00007ff880500000 - 0x00007ff880516000 	C:\WINDOWS\system32\napinsp.dll
0x00007ff8804e0000 - 0x00007ff8804fa000 	C:\WINDOWS\system32\pnrpnsp.dll
0x00007ff894020000 - 0x00007ff8940eb000 	C:\WINDOWS\SYSTEM32\DNSAPI.dll
0x00007ff897d90000 - 0x00007ff897d98000 	C:\WINDOWS\System32\NSI.dll
0x00007ff893fe0000 - 0x00007ff89401a000 	C:\WINDOWS\SYSTEM32\IPHLPAPI.DLL
0x00007ff880340000 - 0x00007ff88034e000 	C:\WINDOWS\System32\winrnr.dll
0x00007ff890a40000 - 0x00007ff890a5c000 	C:\WINDOWS\system32\NLAapi.dll
0x00007ff88e3d0000 - 0x00007ff88e3e5000 	C:\WINDOWS\system32\wshbth.dll
0x00007ff888b50000 - 0x00007ff888b5a000 	C:\Windows\System32\rasadhlp.dll
0x00007ff888f10000 - 0x00007ff888f87000 	C:\WINDOWS\System32\fwpuclnt.dll
0x00007ff895f70000 - 0x00007ff895f96000 	C:\WINDOWS\System32\bcrypt.dll
0x00007ff893e40000 - 0x00007ff893e73000 	C:\WINDOWS\system32\rsaenh.dll
0x00007ff895040000 - 0x00007ff895065000 	C:\WINDOWS\SYSTEM32\USERENV.dll
0x00007ff894730000 - 0x00007ff89473c000 	C:\WINDOWS\SYSTEM32\CRYPTBASE.dll
0x00007ff889940000 - 0x00007ff889956000 	C:\WINDOWS\SYSTEM32\dhcpcsvc6.DLL
0x00007ff889900000 - 0x00007ff88991c000 	C:\WINDOWS\SYSTEM32\dhcpcsvc.DLL
0x00007ff894be0000 - 0x00007ff894dd4000 	C:\WINDOWS\SYSTEM32\dbghelp.dll

VM Arguments:
jvm_args: -Dcom.sun.management.jmxremote -Dcom.sun.management.jmxremote.port=62137 -Dcom.sun.management.jmxremote.authenticate=false -Dcom.sun.management.jmxremote.ssl=false -Djava.rmi.server.hostname=localhost -Dspring.jmx.enabled=true -Dspring.liveBeansView.mbeanDomain -Dspring.application.admin.enabled=true -Xverify:none -XX:TieredStopAtLevel=1 -Dfile.encoding=UTF-8 
java_command: com.jdasilva.socialweb.eureka.SocialwebEurekaServerApplication
java_class_path (initial): C:\Users\JOSEMANUEL\eclipse_socialweb\socialweb-eureka-server\target\classes;C:\Users\JOSEMANUEL\.m2\repository\org\springframework\cloud\spring-cloud-starter-netflix-eureka-server\2.2.2.RELEASE\spring-cloud-starter-netflix-eureka-server-2.2.2.RELEASE.jar;C:\Users\JOSEMANUEL\.m2\repository\org\springframework\cloud\spring-cloud-starter\2.2.2.RELEASE\spring-cloud-starter-2.2.2.RELEASE.jar;C:\Users\JOSEMANUEL\.m2\repository\org\springframework\cloud\spring-cloud-context\2.2.2.RELEASE\spring-cloud-context-2.2.2.RELEASE.jar;C:\Users\JOSEMANUEL\.m2\repository\org\springframework\security\spring-security-crypto\5.2.2.RELEASE\spring-security-crypto-5.2.2.RELEASE.jar;C:\Users\JOSEMANUEL\.m2\repository\org\springframework\cloud\spring-cloud-commons\2.2.2.RELEASE\spring-cloud-commons-2.2.2.RELEASE.jar;C:\Users\JOSEMANUEL\.m2\repository\org\springframework\security\spring-security-rsa\1.0.9.RELEASE\spring-security-rsa-1.0.9.RELEASE.jar;C:\Users\JOSEMANUEL\.m2\repository\org\bouncycastle\bcpkix-jdk15on\1.64\bcpkix-jdk15on-1.64.jar;C:\Users\JOSEMANUEL\.m2\repository\org\bouncycastle\bcprov-jdk15on\1.64\bcprov-jdk15on-1.64.jar;C:\Users\JOSEMANUEL\.m2\repository\org\springframework\cloud\spring-cloud-netflix-eureka-server\2.2.2.RELEASE\spring-cloud-netflix-eureka-server-2.2.2.RELEASE.jar;C:\Users\JOSEMANUEL\.m2\repository\org\springframework\boot\spring-boot-starter-web\2.2.5.RELEASE\spring-boot-starter-web-2.2.5.RELEASE.jar;C:\Users\JOSEMANUEL\.m2\repository\org\springframework\boot\spring-boot-starter-json\2.2.5.RELEASE\spring-boot-starter-json-2.2.5.RELEASE.jar;C:\Users\JOSEMANUEL\.m2\repository\com\fasterxml\jackson\datatype\jackson-datatype-jdk8\2.10.2\jackson-datatype-jdk8-2.10.2.jar;C:\Users\JOSEMANUEL\.m2\repository\com\fasterxml\jackson\datatype\jackson-datatype-jsr310\2.10.2\jackson-datatype-jsr310-2.10.2.jar;C:\Users\JOSEMANUEL\.m2\repository\com\fasterxml\jackson\module\jackson-module-parameter-names\2.10.2\jackson-module-parameter-names-2.
Launcher Type: SUN_STANDARD

Environment Variables:
JAVA_HOME=C:\Program Files\Java\jdk1.8.0_91
PATH=C:/Program Files/Java/jre1.8.0_60/bin/server;C:/Program Files/Java/jre1.8.0_60/bin;C:/Program Files/Java/jre1.8.0_60/lib/amd64;C:\ProgramData\Oracle\Java\javapath;C:\Program Files (x86)\Intel\iCLS Client\;C:\Program Files\Intel\iCLS Client\;C:\WINDOWS\system32;C:\WINDOWS;C:\WINDOWS\System32\Wbem;C:\WINDOWS\System32\WindowsPowerShell\v1.0\;C:\Program Files\Intel\Intel(R) Management Engine Components\DAL;C:\Program Files\Intel\Intel(R) Management Engine Components\IPT;C:\Program Files (x86)\Intel\Intel(R) Management Engine Components\DAL;C:\Program Files (x86)\Intel\Intel(R) Management Engine Components\IPT;C:\Program Files (x86)\Skype\Phone\;C:\WINDOWS\System32\OpenSSH\;C:\Program Files\nodejs\;C:\Program Files\MongoDB\Server\4.2\bin;C:\Program Files\MySQL\MySQL Server 8.0\bin;C:\apache-maven-3.6.3\bin;C:\Program Files\RabbitMQ Server\rabbitmq_server-3.8.3\sbin;C:\Program Files\Git\cmd;C:\Users\JOSEMANUEL\AppData\Local\Microsoft\WindowsApps;C:\Users\JOSEMANUEL\AppData\Roaming\npm;C:\Users\JOSEMANUEL\AppData\Local\Programs\Microsoft VS Code\bin;C:\Program Files\heroku\bin;C:\Program Files\Docker Toolbox;C:\Program Files\Docker Toolbox;C:\Users\JOSEMANUEL\Desktop;
USERNAME=JOSEMANUEL
OS=Windows_NT
PROCESSOR_IDENTIFIER=Intel64 Family 6 Model 69 Stepping 1, GenuineIntel



---------------  S Y S T E M  ---------------

OS: Windows 10.0 , 64 bit Build 18362 (10.0.18362.778)

CPU:total 4 (2 cores per cpu, 2 threads per core) family 6 model 69 stepping 1, cmov, cx8, fxsr, mmx, sse, sse2, sse3, ssse3, sse4.1, sse4.2, popcnt, avx, avx2, aes, clmul, erms, lzcnt, ht, tsc, tscinvbit, bmi1, bmi2

Memory: 4k page, physical 12463768k(2685908k free), swap 20504136k(6117232k free)

vm_info: Java HotSpot(TM) 64-Bit Server VM (25.91-b15) for windows-amd64 JRE (1.8.0_91-b15), built on May 20 2016 17:43:15 by "java_re" with MS VC++ 10.0 (VS2010)

time: Sun Jun 07 21:37:33 2020
elapsed time: 28166 seconds (0d 7h 49m 26s)

